[         0] INFO: No channel links found in configuration file.
[        63] Resolved live-internal.fivem.net:30110 to 178.32.9.100:30110
[        78] Found new resource bob74_ipl in C:/Users\Kinder\Desktop\Serveur-Gta-V-RP-1.1-45.82.400\server/resources//bob74_ipl
[        94] Found new resource camping in C:/Users\Kinder\Desktop\Serveur-Gta-V-RP-1.1-45.82.400\server/resources//camping
[        94] Found new resource CarCommand in C:/Users\Kinder\Desktop\Serveur-Gta-V-RP-1.1-45.82.400\server/resources//CarCommand
[       109] Found new resource christmas in C:/Users\Kinder\Desktop\Serveur-Gta-V-RP-1.1-45.82.400\server/resources//christmas
[       125] Found new resource compass in C:/Users\Kinder\Desktop\Serveur-Gta-V-RP-1.1-45.82.400\server/resources//compass
[       141] Found new resource coordsaver in C:/Users\Kinder\Desktop\Serveur-Gta-V-RP-1.1-45.82.400\server/resources//coordsaver
[       141] Found new resource cron in C:/Users\Kinder\Desktop\Serveur-Gta-V-RP-1.1-45.82.400\server/resources//cron
[       156] Found new resource dmvschool in C:/Users\Kinder\Desktop\Serveur-Gta-V-RP-1.1-45.82.400\server/resources//dmvschool
[       172] Found new resource esplugin_mysql in C:/Users\Kinder\Desktop\Serveur-Gta-V-RP-1.1-45.82.400\server/resources//esplugin_mysql
[       203] Found new resource es_carwash in C:/Users\Kinder\Desktop\Serveur-Gta-V-RP-1.1-45.82.400\server/resources//es_carwash
[       203] Found new resource fivem in C:/Users\Kinder\Desktop\Serveur-Gta-V-RP-1.1-45.82.400\server/resources//fivem
[       219] Found new resource fivem-awesome1501 in C:/Users\Kinder\Desktop\Serveur-Gta-V-RP-1.1-45.82.400\server/resources//fivem-awesome1501
[       234] Found new resource fivem-map-hipster in C:/Users\Kinder\Desktop\Serveur-Gta-V-RP-1.1-45.82.400\server/resources//fivem-map-hipster
[       234] Found new resource fivem-map-skater in C:/Users\Kinder\Desktop\Serveur-Gta-V-RP-1.1-45.82.400\server/resources//fivem-map-skater
[       250] Found new resource FMODT in C:/Users\Kinder\Desktop\Serveur-Gta-V-RP-1.1-45.82.400\server/resources//FMODT
[       250] Found new resource handsup in C:/Users\Kinder\Desktop\Serveur-Gta-V-RP-1.1-45.82.400\server/resources//handsup
[       266] Found new resource instance in C:/Users\Kinder\Desktop\Serveur-Gta-V-RP-1.1-45.82.400\server/resources//instance
[       266] Found new resource LockSystem in C:/Users\Kinder\Desktop\Serveur-Gta-V-RP-1.1-45.82.400\server/resources//LockSystem
[       281] Found new resource MapMaker in C:/Users\Kinder\Desktop\Serveur-Gta-V-RP-1.1-45.82.400\server/resources//MapMaker
[       297] Found new resource mysql-async in C:/Users\Kinder\Desktop\Serveur-Gta-V-RP-1.1-45.82.400\server/resources//mysql-async
[       297] Found new resource NativeUI in C:/Users\Kinder\Desktop\Serveur-Gta-V-RP-1.1-45.82.400\server/resources//NativeUI
[       313] Found new resource noplayerblips in C:/Users\Kinder\Desktop\Serveur-Gta-V-RP-1.1-45.82.400\server/resources//noplayerblips
[       313] Found new resource pNotify in C:/Users\Kinder\Desktop\Serveur-Gta-V-RP-1.1-45.82.400\server/resources//pNotify
[       328] Found new resource pointing in C:/Users\Kinder\Desktop\Serveur-Gta-V-RP-1.1-45.82.400\server/resources//pointing
[       328] Found new resource PressM in C:/Users\Kinder\Desktop\Serveur-Gta-V-RP-1.1-45.82.400\server/resources//PressM
[       344] Found new resource Robbery-System in C:/Users\Kinder\Desktop\Serveur-Gta-V-RP-1.1-45.82.400\server/resources//Robbery-System
[       359] Found new resource runcode in C:/Users\Kinder\Desktop\Serveur-Gta-V-RP-1.1-45.82.400\server/resources//runcode
[       359] Found new resource SexySpeedometer in C:/Users\Kinder\Desktop\Serveur-Gta-V-RP-1.1-45.82.400\server/resources//SexySpeedometer
[       375] Found new resource ShowID in C:/Users\Kinder\Desktop\Serveur-Gta-V-RP-1.1-45.82.400\server/resources//ShowID
[       391] Found new resource simplewelcome in C:/Users\Kinder\Desktop\Serveur-Gta-V-RP-1.1-45.82.400\server/resources//simplewelcome
[       391] Found new resource skinchanger in C:/Users\Kinder\Desktop\Serveur-Gta-V-RP-1.1-45.82.400\server/resources//skinchanger
[       406] Found new resource smartweather in C:/Users\Kinder\Desktop\Serveur-Gta-V-RP-1.1-45.82.400\server/resources//smartweather
[       422] Found new resource stationaryradar in C:/Users\Kinder\Desktop\Serveur-Gta-V-RP-1.1-45.82.400\server/resources//stationaryradar
[       422] Found new resource synn-loadscreen in C:/Users\Kinder\Desktop\Serveur-Gta-V-RP-1.1-45.82.400\server/resources//synn-loadscreen
[       438] Found new resource TrainSportation in C:/Users\Kinder\Desktop\Serveur-Gta-V-RP-1.1-45.82.400\server/resources//TrainSportation
[       453] Found new resource vehcontrol in C:/Users\Kinder\Desktop\Serveur-Gta-V-RP-1.1-45.82.400\server/resources//vehcontrol
[       453] Found new resource vSync in C:/Users\Kinder\Desktop\Serveur-Gta-V-RP-1.1-45.82.400\server/resources//vSync
[       469] Found new resource vVoice in C:/Users\Kinder\Desktop\Serveur-Gta-V-RP-1.1-45.82.400\server/resources//vVoice
[       484] Found new resource essentialmode in C:/Users\Kinder\Desktop\Serveur-Gta-V-RP-1.1-45.82.400\server/resources//[essential]/essentialmode
[       484] Found new resource es_admin2 in C:/Users\Kinder\Desktop\Serveur-Gta-V-RP-1.1-45.82.400\server/resources//[essential]/es_admin2
[       500] Found new resource es_extended in C:/Users\Kinder\Desktop\Serveur-Gta-V-RP-1.1-45.82.400\server/resources//[essential]/es_extended
[       516] Found new resource async in C:/Users\Kinder\Desktop\Serveur-Gta-V-RP-1.1-45.82.400\server/resources//[esx]/async
[       516] Found new resource eden_animal in C:/Users\Kinder\Desktop\Serveur-Gta-V-RP-1.1-45.82.400\server/resources//[esx]/eden_animal
[       531] Found new resource eden_jail in C:/Users\Kinder\Desktop\Serveur-Gta-V-RP-1.1-45.82.400\server/resources//[esx]/eden_jail
[       531] Found new resource essx_pompiste in C:/Users\Kinder\Desktop\Serveur-Gta-V-RP-1.1-45.82.400\server/resources//[esx]/essx_pompiste
[       547] Resource loading for essx_pompiste failed:
[       563] Could not open resource metadata file C:/Users\Kinder\Desktop\Serveur-Gta-V-RP-1.1-45.82.400\server/resources//[esx]/essx_pompiste/__resource.lua.
[       563] Found new resource esx_accessories in C:/Users\Kinder\Desktop\Serveur-Gta-V-RP-1.1-45.82.400\server/resources//[esx]/esx_accessories
[       578] Found new resource esx_addonaccount in C:/Users\Kinder\Desktop\Serveur-Gta-V-RP-1.1-45.82.400\server/resources//[esx]/esx_addonaccount
[       594] Found new resource esx_addoninventory in C:/Users\Kinder\Desktop\Serveur-Gta-V-RP-1.1-45.82.400\server/resources//[esx]/esx_addoninventory
[       594] Found new resource esx_AdvancedFuel in C:/Users\Kinder\Desktop\Serveur-Gta-V-RP-1.1-45.82.400\server/resources//[esx]/esx_AdvancedFuel
[       609] Found new resource esx_aircraftshop in C:/Users\Kinder\Desktop\Serveur-Gta-V-RP-1.1-45.82.400\server/resources//[esx]/esx_aircraftshop
[       625] Found new resource esx_ambulancejob in C:/Users\Kinder\Desktop\Serveur-Gta-V-RP-1.1-45.82.400\server/resources//[esx]/esx_ambulancejob
[       625] Found new resource esx_animations in C:/Users\Kinder\Desktop\Serveur-Gta-V-RP-1.1-45.82.400\server/resources//[esx]/esx_animations
[       641] Found new resource esx_atm in C:/Users\Kinder\Desktop\Serveur-Gta-V-RP-1.1-45.82.400\server/resources//[esx]/esx_atm
[       656] Found new resource esx_barbershop in C:/Users\Kinder\Desktop\Serveur-Gta-V-RP-1.1-45.82.400\server/resources//[esx]/esx_barbershop
[       656] Found new resource esx_basicneeds in C:/Users\Kinder\Desktop\Serveur-Gta-V-RP-1.1-45.82.400\server/resources//[esx]/esx_basicneeds
[       672] Found new resource esx_billing in C:/Users\Kinder\Desktop\Serveur-Gta-V-RP-1.1-45.82.400\server/resources//[esx]/esx_billing
[       688] Found new resource esx_blanchisseur in C:/Users\Kinder\Desktop\Serveur-Gta-V-RP-1.1-45.82.400\server/resources//[esx]/esx_blanchisseur
[       688] Found new resource esx_boat in C:/Users\Kinder\Desktop\Serveur-Gta-V-RP-1.1-45.82.400\server/resources//[esx]/esx_boat
[       703] Found new resource esx_boulanger in C:/Users\Kinder\Desktop\Serveur-Gta-V-RP-1.1-45.82.400\server/resources//[esx]/esx_boulanger
[       703] Found new resource esx_bucherons in C:/Users\Kinder\Desktop\Serveur-Gta-V-RP-1.1-45.82.400\server/resources//[esx]/esx_bucherons
[       719] Found new resource esx_clotheshop in C:/Users\Kinder\Desktop\Serveur-Gta-V-RP-1.1-45.82.400\server/resources//[esx]/esx_clotheshop
[       734] Found new resource esx_criminalrecords in C:/Users\Kinder\Desktop\Serveur-Gta-V-RP-1.1-45.82.400\server/resources//[esx]/esx_criminalrecords
[       734] Found new resource esx_cruisecontrol in C:/Users\Kinder\Desktop\Serveur-Gta-V-RP-1.1-45.82.400\server/resources//[esx]/esx_cruisecontrol
[       750] Found new resource esx_datastore in C:/Users\Kinder\Desktop\Serveur-Gta-V-RP-1.1-45.82.400\server/resources//[esx]/esx_datastore
[       766] Found new resource esx_diving in C:/Users\Kinder\Desktop\Serveur-Gta-V-RP-1.1-45.82.400\server/resources//[esx]/esx_diving
[       766] Found new resource esx_dmvschool in C:/Users\Kinder\Desktop\Serveur-Gta-V-RP-1.1-45.82.400\server/resources//[esx]/esx_dmvschool
[       781] Found new resource esx_dockshop in C:/Users\Kinder\Desktop\Serveur-Gta-V-RP-1.1-45.82.400\server/resources//[esx]/esx_dockshop
[       797] Found new resource esx_drugs in C:/Users\Kinder\Desktop\Serveur-Gta-V-RP-1.1-45.82.400\server/resources//[esx]/esx_drugs
[       797] Found new resource esx_eden_aircraftgarage in C:/Users\Kinder\Desktop\Serveur-Gta-V-RP-1.1-45.82.400\server/resources//[esx]/esx_eden_aircraftgarage
[       813] Found new resource esx_foodtruck in C:/Users\Kinder\Desktop\Serveur-Gta-V-RP-1.1-45.82.400\server/resources//[esx]/esx_foodtruck
[       813] Found new resource esx_fuel in C:/Users\Kinder\Desktop\Serveur-Gta-V-RP-1.1-45.82.400\server/resources//[esx]/esx_fuel
[       828] Found new resource esx_garage in C:/Users\Kinder\Desktop\Serveur-Gta-V-RP-1.1-45.82.400\server/resources//[esx]/esx_garage
[       844] Found new resource esx_garbage in C:/Users\Kinder\Desktop\Serveur-Gta-V-RP-1.1-45.82.400\server/resources//[esx]/esx_garbage
[       844] Found new resource esx_gcidentity in C:/Users\Kinder\Desktop\Serveur-Gta-V-RP-1.1-45.82.400\server/resources//[esx]/esx_gcidentity
[       859] Found new resource esx_gouvernor in C:/Users\Kinder\Desktop\Serveur-Gta-V-RP-1.1-45.82.400\server/resources//[esx]/esx_gouvernor
[       859] Found new resource esx_gps in C:/Users\Kinder\Desktop\Serveur-Gta-V-RP-1.1-45.82.400\server/resources//[esx]/esx_gps
[       875] Found new resource esx_hangard in C:/Users\Kinder\Desktop\Serveur-Gta-V-RP-1.1-45.82.400\server/resources//[esx]/esx_hangard
[       891] Found new resource esx_holdup in C:/Users\Kinder\Desktop\Serveur-Gta-V-RP-1.1-45.82.400\server/resources//[esx]/esx_holdup
[       891] Found new resource esx_hunting in C:/Users\Kinder\Desktop\Serveur-Gta-V-RP-1.1-45.82.400\server/resources//[esx]/esx_hunting
[       906] Found new resource esx_identity in C:/Users\Kinder\Desktop\Serveur-Gta-V-RP-1.1-45.82.400\server/resources//[esx]/esx_identity
[       906] Found new resource esx_infoillegal in C:/Users\Kinder\Desktop\Serveur-Gta-V-RP-1.1-45.82.400\server/resources//[esx]/esx_infoillegal
[       922] Found new resource esx_jailer in C:/Users\Kinder\Desktop\Serveur-Gta-V-RP-1.1-45.82.400\server/resources//[esx]/esx_jailer
[       938] Found new resource esx_joblisting in C:/Users\Kinder\Desktop\Serveur-Gta-V-RP-1.1-45.82.400\server/resources//[esx]/esx_joblisting
[       938] Found new resource esx_jobs in C:/Users\Kinder\Desktop\Serveur-Gta-V-RP-1.1-45.82.400\server/resources//[esx]/esx_jobs
[       953] Found new resource esx_license in C:/Users\Kinder\Desktop\Serveur-Gta-V-RP-1.1-45.82.400\server/resources//[esx]/esx_license
[       969] Found new resource esx_lscustom in C:/Users\Kinder\Desktop\Serveur-Gta-V-RP-1.1-45.82.400\server/resources//[esx]/esx_lscustom
[       984] Found new resource esx_lumberjackjob -- a refaire in C:/Users\Kinder\Desktop\Serveur-Gta-V-RP-1.1-45.82.400\server/resources//[esx]/esx_lumberjackjob -- a refaire
[       984] Found new resource esx_maintenance in C:/Users\Kinder\Desktop\Serveur-Gta-V-RP-1.1-45.82.400\server/resources//[esx]/esx_maintenance
[      1000] Found new resource esx_marathonjob in C:/Users\Kinder\Desktop\Serveur-Gta-V-RP-1.1-45.82.400\server/resources//[esx]/esx_marathonjob
[      1016] Found new resource esx_mask in C:/Users\Kinder\Desktop\Serveur-Gta-V-RP-1.1-45.82.400\server/resources//[esx]/esx_mask
[      1016] Found new resource esx_mecanojob in C:/Users\Kinder\Desktop\Serveur-Gta-V-RP-1.1-45.82.400\server/resources//[esx]/esx_mecanojob
[      1031] Found new resource esx_menu_default in C:/Users\Kinder\Desktop\Serveur-Gta-V-RP-1.1-45.82.400\server/resources//[esx]/esx_menu_default
[      1047] Found new resource esx_menu_dialog in C:/Users\Kinder\Desktop\Serveur-Gta-V-RP-1.1-45.82.400\server/resources//[esx]/esx_menu_dialog
[      1063] Found new resource esx_menu_list in C:/Users\Kinder\Desktop\Serveur-Gta-V-RP-1.1-45.82.400\server/resources//[esx]/esx_menu_list
[      1063] Found new resource esx_migrate in C:/Users\Kinder\Desktop\Serveur-Gta-V-RP-1.1-45.82.400\server/resources//[esx]/esx_migrate
[      1078] Found new resource esx_mineurjob in C:/Users\Kinder\Desktop\Serveur-Gta-V-RP-1.1-45.82.400\server/resources//[esx]/esx_mineurjob
[      1094] Found new resource esx_optionalneeds in C:/Users\Kinder\Desktop\Serveur-Gta-V-RP-1.1-45.82.400\server/resources//[esx]/esx_optionalneeds
[      1094] Found new resource esx_pecheurjob in C:/Users\Kinder\Desktop\Serveur-Gta-V-RP-1.1-45.82.400\server/resources//[esx]/esx_pecheurjob
[      1109] Found new resource esx_phone in C:/Users\Kinder\Desktop\Serveur-Gta-V-RP-1.1-45.82.400\server/resources//[esx]/esx_phone
[      1125] Found new resource esx_policejob in C:/Users\Kinder\Desktop\Serveur-Gta-V-RP-1.1-45.82.400\server/resources//[esx]/esx_policejob
[      1125] Found new resource esx_pompiste in C:/Users\Kinder\Desktop\Serveur-Gta-V-RP-1.1-45.82.400\server/resources//[esx]/esx_pompiste
[      1141] Found new resource esx_property in C:/Users\Kinder\Desktop\Serveur-Gta-V-RP-1.1-45.82.400\server/resources//[esx]/esx_property
[      1156] Found new resource esx_races in C:/Users\Kinder\Desktop\Serveur-Gta-V-RP-1.1-45.82.400\server/resources//[esx]/esx_races
[      1156] Found new resource esx_radars in C:/Users\Kinder\Desktop\Serveur-Gta-V-RP-1.1-45.82.400\server/resources//[esx]/esx_radars
[      1172] Found new resource esx_radarsville in C:/Users\Kinder\Desktop\Serveur-Gta-V-RP-1.1-45.82.400\server/resources//[esx]/esx_radarsville
[      1188] Found new resource esx_rallyjob in C:/Users\Kinder\Desktop\Serveur-Gta-V-RP-1.1-45.82.400\server/resources//[esx]/esx_rallyjob
[      1203] Found new resource esx_realestateagentjob in C:/Users\Kinder\Desktop\Serveur-Gta-V-RP-1.1-45.82.400\server/resources//[esx]/esx_realestateagentjob
[      1203] Found new resource esx_reporter in C:/Users\Kinder\Desktop\Serveur-Gta-V-RP-1.1-45.82.400\server/resources//[esx]/esx_reporter
[      1219] Found new resource esx_rpchat in C:/Users\Kinder\Desktop\Serveur-Gta-V-RP-1.1-45.82.400\server/resources//[esx]/esx_rpchat
[      1234] Found new resource esx_service in C:/Users\Kinder\Desktop\Serveur-Gta-V-RP-1.1-45.82.400\server/resources//[esx]/esx_service
[      1234] Found new resource esx_shops in C:/Users\Kinder\Desktop\Serveur-Gta-V-RP-1.1-45.82.400\server/resources//[esx]/esx_shops
[      1250] Found new resource esx_shopsresaleitem in C:/Users\Kinder\Desktop\Serveur-Gta-V-RP-1.1-45.82.400\server/resources//[esx]/esx_shopsresaleitem
[      1266] Found new resource esx_skin in C:/Users\Kinder\Desktop\Serveur-Gta-V-RP-1.1-45.82.400\server/resources//[esx]/esx_skin
[      1266] Found new resource esx_slaughtererjob in C:/Users\Kinder\Desktop\Serveur-Gta-V-RP-1.1-45.82.400\server/resources//[esx]/esx_slaughtererjob
[      1281] Found new resource esx_society in C:/Users\Kinder\Desktop\Serveur-Gta-V-RP-1.1-45.82.400\server/resources//[esx]/esx_society
[      1297] Found new resource esx_status in C:/Users\Kinder\Desktop\Serveur-Gta-V-RP-1.1-45.82.400\server/resources//[esx]/esx_status
[      1297] Found new resource esx_tattooshop in C:/Users\Kinder\Desktop\Serveur-Gta-V-RP-1.1-45.82.400\server/resources//[esx]/esx_tattooshop
[      1313] Found new resource esx_taxijob in C:/Users\Kinder\Desktop\Serveur-Gta-V-RP-1.1-45.82.400\server/resources//[esx]/esx_taxijob
[      1328] Found new resource esx_textil in C:/Users\Kinder\Desktop\Serveur-Gta-V-RP-1.1-45.82.400\server/resources//[esx]/esx_textil
[      1328] Found new resource esx_TheLostMC in C:/Users\Kinder\Desktop\Serveur-Gta-V-RP-1.1-45.82.400\server/resources//[esx]/esx_TheLostMC
[      1344] Found new resource esx_unicornjob in C:/Users\Kinder\Desktop\Serveur-Gta-V-RP-1.1-45.82.400\server/resources//[esx]/esx_unicornjob
[      1359] Found new resource esx_vehiclelock in C:/Users\Kinder\Desktop\Serveur-Gta-V-RP-1.1-45.82.400\server/resources//[esx]/esx_vehiclelock
[      1359] Found new resource esx_vehicleshop in C:/Users\Kinder\Desktop\Serveur-Gta-V-RP-1.1-45.82.400\server/resources//[esx]/esx_vehicleshop
[      1375] Found new resource esx_vehicle_inventory in C:/Users\Kinder\Desktop\Serveur-Gta-V-RP-1.1-45.82.400\server/resources//[esx]/esx_vehicle_inventory
[      1391] Found new resource esx_vigneronjob in C:/Users\Kinder\Desktop\Serveur-Gta-V-RP-1.1-45.82.400\server/resources//[esx]/esx_vigneronjob
[      1391] Found new resource esx_vote in C:/Users\Kinder\Desktop\Serveur-Gta-V-RP-1.1-45.82.400\server/resources//[esx]/esx_vote
[      1406] Found new resource esx_weashopsplus in C:/Users\Kinder\Desktop\Serveur-Gta-V-RP-1.1-45.82.400\server/resources//[esx]/esx_weashopsplus
[      1422] Found new resource esx_whitelist in C:/Users\Kinder\Desktop\Serveur-Gta-V-RP-1.1-45.82.400\server/resources//[esx]/esx_whitelist
[      1438] Found new resource mapping_speedradar in C:/Users\Kinder\Desktop\Serveur-Gta-V-RP-1.1-45.82.400\server/resources//[esx]/mapping_speedradar
[      1438] Found new resource new_banking in C:/Users\Kinder\Desktop\Serveur-Gta-V-RP-1.1-45.82.400\server/resources//[esx]/new_banking
[      1453] Found new resource race in C:/Users\Kinder\Desktop\Serveur-Gta-V-RP-1.1-45.82.400\server/resources//[gamemodes]/race
[      1453] Found new resource race-test in C:/Users\Kinder\Desktop\Serveur-Gta-V-RP-1.1-45.82.400\server/resources//[gamemodes]/race-test
[      1469] Found new resource channelfeed in C:/Users\Kinder\Desktop\Serveur-Gta-V-RP-1.1-45.82.400\server/resources//[gameplay]/channelfeed
[      1484] Found new resource irc in C:/Users\Kinder\Desktop\Serveur-Gta-V-RP-1.1-45.82.400\server/resources//[gameplay]/irc
[      1500] Found new resource obituary in C:/Users\Kinder\Desktop\Serveur-Gta-V-RP-1.1-45.82.400\server/resources//[gameplay]/obituary
[      1500] Found new resource obituary-deaths in C:/Users\Kinder\Desktop\Serveur-Gta-V-RP-1.1-45.82.400\server/resources//[gameplay]/obituary-deaths
[      1516] Found new resource playernames in C:/Users\Kinder\Desktop\Serveur-Gta-V-RP-1.1-45.82.400\server/resources//[gameplay]/playernames
[      1531] Found new resource mapmanager in C:/Users\Kinder\Desktop\Serveur-Gta-V-RP-1.1-45.82.400\server/resources//[managers]/mapmanager
[      1531] Found new resource baseevents in C:/Users\Kinder\Desktop\Serveur-Gta-V-RP-1.1-45.82.400\server/resources//[system]/baseevents
[      1547] Found new resource chat in C:/Users\Kinder\Desktop\Serveur-Gta-V-RP-1.1-45.82.400\server/resources//[system]/chat
[      1563] Found new resource hardcap in C:/Users\Kinder\Desktop\Serveur-Gta-V-RP-1.1-45.82.400\server/resources//[system]/hardcap
[      1563] Found new resource rconlog in C:/Users\Kinder\Desktop\Serveur-Gta-V-RP-1.1-45.82.400\server/resources//[system]/rconlog
[      1578] Found new resource scoreboard in C:/Users\Kinder\Desktop\Serveur-Gta-V-RP-1.1-45.82.400\server/resources//[system]/scoreboard
[      1594] Found new resource sessionmanager in C:/Users\Kinder\Desktop\Serveur-Gta-V-RP-1.1-45.82.400\server/resources//[system]/sessionmanager
[      1594] Found new resource spawnmanager in C:/Users\Kinder\Desktop\Serveur-Gta-V-RP-1.1-45.82.400\server/resources//[system]/spawnmanager
[      1609] Found new resource betaguns in C:/Users\Kinder\Desktop\Serveur-Gta-V-RP-1.1-45.82.400\server/resources//[test]/betaguns
[      1609] Found new resource gameInit in C:/Users\Kinder\Desktop\Serveur-Gta-V-RP-1.1-45.82.400\server/resources//[test]/gameInit
[      1625] Found new resource keks in C:/Users\Kinder\Desktop\Serveur-Gta-V-RP-1.1-45.82.400\server/resources//[test]/keks
[      1656] Started resource sessionmanager
[      1688] Started resource mapmanager
[      1703] Started resource chat
[      1719] Started resource spawnmanager
[      1734] Started gametype Freeroam
[      1750] Started resource fivem
[      1750] Started resource hardcap
[      1766] Started resource rconlog
[      1797] Started resource scoreboard
[      1813] Started resource bob74_ipl
[      1828] Started resource NativeUI
[      1844] Started resource async
[      2203] Loaded MySQLAsync.net, Version=2.1.1.0, Culture=neutral, PublicKeyToken=null into ScriptDomain_1732632438
[      2219] Instantiated instance of script MySQLAsync.MySQLThread.
[      2234] Instantiated instance of script MySQLAsync.MySQLAsync.
[      2250] Started resource mysql-async
[      2266] Started resource esplugin_mysql
[      2297] Started resource essentialmode
[      2313] Started resource baseevents
[      2375] Started resource es_extended
[      2391] Started resource esx_migrate
[      2406] Started resource cron
[      2438] Started resource esx_addonaccount
[      2453] Started resource esx_society
[      2484] Started resource esx_menu_default
[      2547] Started resource esx_menu_list
[      2563] Started resource esx_menu_dialog
[      2594] Started resource es_admin2
[      2625] Started resource esx_addoninventory
[      2641] Started resource instance
[      2672] Started resource vSync
[      2703] Started resource esx_phone
[      2734] Started resource esx_billing
[      2750] Started resource esx_skin
[      2766] Started resource skinchanger
[      2781] Started resource esx_datastore
[      2813] Started resource esx_accessories
[      2844] Started resource esx_clotheshop
[      2875] Started resource esx_dockshop
[      2891] Started resource esx_holdup
[      2922] Started resource esx_policejob
[      2938] Started resource esx_criminalrecords
[      2969] Started resource eden_jail
[      3000] Started resource esx_identity
[      3016] Started resource esx_gcidentity
[      3047] Started resource esx_foodtruck
[      3078] Started resource esx_ambulancejob
[      3094] Started resource esx_bucherons
[      3109] ^3Couldn't find resource esx_bucheronjob.^7
[      3125] Started resource esx_reporter
[      3156] Started resource esx_hunting
[      3172] TheLostMC successfully loaded!
[      3188] Started resource esx_TheLostMC
[      3219] Started resource esx_boulanger
[      3234] Started resource esx_taxijob
[      3266] Started resource esx_vigneronjob
[      3297] Started resource esx_fuel
[      3313] Started resource esx_pompiste
[      3344] Started resource esx_joblisting
[      3359] Started resource esx_unicornjob
[      3391] Started resource esx_gouvernor
[      3391] ^3Couldn't find resource esx_tabacjob.^7
[      3422] Started resource esx_mineurjob
[      3453] Started resource esx_vote
[      3469] Started resource esx_property
[      3484] Started resource esx_service
[      3531] Started resource esx_vehicleshop
[      3531] ^3Couldn't find resource esx_truck.^7
[      3563] Started resource esx_aircraftshop
[      3594] Started resource esx_eden_aircraftgarage
[      3609] Started resource esx_garage
[      3641] Started resource esx_boat
[      3656] Started resource esx_weashopsplus
[      3688] Started resource esx_license
[      3703] Started resource esx_status
[      3719] Started resource esx_animations
[      3750] Started resource esx_barbershop
[      3781] Started resource esx_lscustom
[      3797] Started resource esx_drugs
[      3844] Started resource esx_mask
[      3859] Started resource esx_optionalneeds
[      3891] Started resource esx_mecanojob
[      3922] Started resource esx_realestateagentjob
[      3953] Started resource esx_basicneeds
[      3984] Started resource synn-loadscreen
[      4000] Started resource pNotify
[      4031] Started resource dmvschool
[      4047] Started resource esx_races
[      4078] Started resource es_carwash
[      4094] Started resource esx_blanchisseur
[      4125] Started resource esx_infoillegal
[      4141] Started resource vehcontrol
[      4172] Started resource TrainSportation
[      4188] Started resource SexySpeedometer
[      4203] Started resource vVoice
[      4234] Started resource noplayerblips
[      4250] Started resource esx_radars
[      4281] Started resource esx_radarsville
[      4328] Started resource new_banking
[      4359] Started resource esx_shops
[      4375] Started resource esx_shopsresaleitem
[      4406] Started resource esx_tattooshop
[      4438] Started resource esx_gps
[      4453] Started resource smartweather
[      4500] Started resource pointing
[      4531] Started resource handsup
[      4563] Started resource esx_garbage
[      4578] Started resource compass
[      4594] Started resource coordsaver
[      4609] Started resource esx_vehicle_inventory
[      4641] Started resource esx_diving
[      4656] Started resource ShowID
[      4672] Started resource CarCommand
[      4688] Started resource LockSystem
[      4703] Started resource esx_cruisecontrol
[      4734] Started resource camping
[      4750] Started resource eden_animal
[      4781] Started resource FMODT
[      4797] Started resource simplewelcome
[      4813] Stopping resource sessionmanager
[      4828] Started resource sessionmanager
[      4844] Authenticating server license key...
[      5063] Server license key authentication succeeded. Welcome!
[      5125] Sending heartbeat to live-internal.fivem.net:30110
[      5141] 
[      5141] Current version: 5.0.3
[      5156] Updater version: 5.0.3
[      5156] 
[      5156] Everything is fine!
[      5172] 
[      5188] Started map fivem-map-skater
[      5188] Started resource fivem-map-skater
[      5297] Loaded MySqlConnector, Version=0.38.0.0, Culture=neutral, PublicKeyToken=d33d3e53aa5f8c92 into ScriptDomain_1732632438
[      5484] hitch warning: frame time of 350 milliseconds
[      5500] Loaded System.Threading.Tasks.Extensions, Version=4.1.1.0, Culture=neutral, PublicKeyToken=cc7b13ffcd2ddd51 into ScriptDomain_1732632438
[      5641] Loaded System.Buffers, Version=4.0.2.0, Culture=neutral, PublicKeyToken=cc7b13ffcd2ddd51 into ScriptDomain_1732632438
[      5844] [ERROR] [MySQL] An error happens on MySQL for query "UPDATE owned_vehicles SET stored = true WHERE stored = @stored AND vehicleType = @vehicleType {@vehicleType=boat;@stored=False}": You have an error in your SQL syntax; check the manual that corresponds to your MySQL server version for the right syntax to use near 'stored = true WHERE stored = false AND vehicleType = 'boat'' at line 1
[      5875] Error running system event handling function for resource esx_shopsresaleitem: citizen:/scripting/lua/scheduler.lua:41: Failed to execute thread: server/main.lua:27: attempt to index a nil value (field '?')
[      5891] stack traceback:
[      5891] 	server/main.lua:27: in upvalue 'handler'
[      5891] 	citizen:/scripting/lua/scheduler.lua:175: in function <citizen:/scripting/lua/scheduler.lua:174>
[      5906] stack traceback:
[      5906] 	[C]: in function 'error'
[      5922] 	citizen:/scripting/lua/scheduler.lua:41: in field 'CreateThreadNow'
[      5922] 	citizen:/scripting/lua/scheduler.lua:174: in function <citizen:/scripting/lua/scheduler.lua:138>
[      5953] Error running system event handling function for resource esx_society: citizen:/scripting/lua/scheduler.lua:41: Failed to execute thread: server/main.lua:26: attempt to index a nil value (field '?')
[      5953] stack traceback:
[      5953] 	server/main.lua:26: in upvalue 'handler'
[      5969] 	citizen:/scripting/lua/scheduler.lua:175: in function <citizen:/scripting/lua/scheduler.lua:174>
[      5969] stack traceback:
[      5969] 	[C]: in function 'error'
[      5984] 	citizen:/scripting/lua/scheduler.lua:41: in field 'CreateThreadNow'
[      5984] 	citizen:/scripting/lua/scheduler.lua:174: in function <citizen:/scripting/lua/scheduler.lua:138>
[      6016] [ERROR] [MySQL] An error happens on MySQL for query "SELECT * FROM `shops` WHERE `name` = 'Market' {=}": Unknown column 'name' in 'where clause'
[      6031] hitch warning: frame time of 554 milliseconds
[     23969] Connecting: Bl@ckw@ve.fr
[     24688] Sending heartbeat to live-internal.fivem.net:30110
[     68766] 1. Admin (Bl@ckw@ve.fr) spawned. Access to CHEM!CAL T0Ж!N granted!
[     68813] Syncing weather for: Bl@ckw@ve.fr
[     69672] Error running call reference function for resource dmvschool: citizen:/scripting/lua/scheduler.lua:351: server.lua:80: attempt to index a nil value (local 'xPlayer')
[     69688] stack traceback:
[     69688] 	server.lua:80: in upvalue 'ref'
[     69688] 	citizen:/scripting/lua/scheduler.lua:337: in function <citizen:/scripting/lua/scheduler.lua:336>
[     69703] 	[C]: in function 'xpcall'
[     69703] 	citizen:/scripting/lua/scheduler.lua:336: in function <citizen:/scripting/lua/scheduler.lua:335>
[     69703] stack traceback:
[     69719] 	[C]: in function 'error'
[     69719] 	citizen:/scripting/lua/scheduler.lua:351: in function <citizen:/scripting/lua/scheduler.lua:322>
[     69750] Error running system event handling function for resource es_extended: citizen:/scripting/lua/scheduler.lua:41: Failed to execute thread: citizen:/scripting/lua/MessagePack.lua:830: missing bytes
[     69750] stack traceback:
[     69766] 	[C]: in function 'error'
[     69766] 	citizen:/scripting/lua/MessagePack.lua:830: in method 'underflow'
[     69781] 	citizen:/scripting/lua/MessagePack.lua:465: in field 'any'
[     69781] 	citizen:/scripting/lua/MessagePack.lua:860: in field 'unpack'
[     69781] 	citizen:/scripting/lua/scheduler.lua:563: in field '?'
[     69797] 	server/functions.lua:33: in field 'TriggerServerCallback'
[     69797] 	server/common.lua:63: in upvalue 'handler'
[     69797] 	citizen:/scripting/lua/scheduler.lua:175: in function <citizen:/scripting/lua/scheduler.lua:174>
[     69813] stack traceback:
[     69813] 	[C]: in function 'error'
[     69813] 	citizen:/scripting/lua/scheduler.lua:41: in field 'CreateThreadNow'
[     69828] 	citizen:/scripting/lua/scheduler.lua:174: in function <citizen:/scripting/lua/scheduler.lua:138>
[     69844] hitch warning: frame time of 179 milliseconds
[    204719] Sending heartbeat to live-internal.fivem.net:30110
